relation(horse,isa,equines).
relation(horse,taxonomicq,creature).
relation(horse,strength,4).
relation(horse,defense,2).
relation(horse,food_consumption,4).
relation(horse,team_color,green).
relation(horse,color,brown).
relation(horse,made_of,flesh).
relation(horse_head,pw,horse).
relation(horse_left_front_leg,pw,horse).
relation(horse_right_front_leg,pw,horse).
relation(horse_torso,pw,horse).
relation(horse_left_back_leg,pw,horse).
relation(horse_right_back_leg,pw,horse).
relation(horse_tail,pw,horse).
relation(dragon,isa,reptiles).
relation(dragon,taxonomicq,creature).
relation(dragon,strength,2).
relation(dragon,defense,2).
relation(dragon,food_consumption,4).
relation(dragon,team_color,red).
relation(dragon,color,red).
relation(dragon,made_of,flesh).
relation(dragon_head,pw,dragon).
relation(dragon_left_arm,pw,dragon).
relation(dragon_right_arm,pw,dragon).
relation(dragon_torso,pw,dragon).
relation(dragon_left_leg,pw,dragon).
relation(dragon_right_leg,pw,dragon).
relation(dragon_left_wing,pw,dragon).
relation(dragon_right_wing,pw,dragon).
relation(dragon_tail,pw,dragon).
